<?xml version="1.0" encoding="UTF-8"?>
<!-- Generated by org.testng.reporters.JUnitReportReporter -->
<testsuite hostname="Sri" failures="0" tests="1" name="Final_Project_TestCases.Scenario_2" time="42.241" errors="0" timestamp="2023-11-16T09:53:26 IST" skipped="0">
  <testcase classname="Final_Project_TestCases.Scenario_2" name="srchItm" time="42.241"/>
  <system-out/>
</testsuite> <!-- Final_Project_TestCases.Scenario_2 -->
