<?xml version="1.0" encoding="UTF-8"?>
<!-- Generated by org.testng.reporters.JUnitReportReporter -->
<testsuite hostname="Sri" failures="0" tests="1" name="Final_Project_TestCases.FlpkrtSrchExe" time="43.798" errors="0" timestamp="2023-11-16T09:25:37 IST" skipped="0">
  <testcase classname="Final_Project_TestCases.FlpkrtSrchExe" name="srchItm" time="43.798"/>
  <system-out/>
</testsuite> <!-- Final_Project_TestCases.FlpkrtSrchExe -->
