<?xml version="1.0" encoding="UTF-8"?>
<!-- Generated by org.testng.reporters.JUnitReportReporter -->
<testsuite hostname="Sri" failures="0" tests="1" name="Final_Project_TestCases.Scenario_1" time="59.546" errors="0" timestamp="2023-11-16T09:51:51 IST" skipped="0">
  <testcase classname="Final_Project_TestCases.Scenario_1" name="testScenario1" time="59.546"/>
  <system-out/>
</testsuite> <!-- Final_Project_TestCases.Scenario_1 -->
